<?xml version="1.0" encoding="UTF-8"?>
<!-- Generated by org.testng.reporters.JUnitReportReporter -->
<testsuite hostname="DESKTOP-R00BV66" failures="0" tests="5" name="com.qa.testcases.LoginTest" time="47.972" errors="0" timestamp="2023-09-08T17:21:45 IST" skipped="0">
  <testcase classname="com.qa.testcases.LoginTest" name="verifyLoginWithValidCredentials" time="11.926"/>
  <testcase classname="com.qa.testcases.LoginTest" name="verifyLoginWithValidCredentials" time="7.625"/>
  <testcase classname="com.qa.testcases.LoginTest" name="verifyLoginWithValidCredentials" time="8.762"/>
  <testcase classname="com.qa.testcases.LoginTest" name="verifyLoginWithValidCredentials" time="11.966"/>
  <testcase classname="com.qa.testcases.LoginTest" name="verifyLoginWithInvalidCredentials" time="7.693"/>
</testsuite> <!-- com.qa.testcases.LoginTest -->
