<?xml version="1.0" encoding="UTF-8"?>
<!-- Generated by org.testng.reporters.JUnitReportReporter -->
<testsuite hostname="DESKTOP-R00BV66" failures="0" tests="4" name="com.qa.testcases.RegisterTest" time="49.802" errors="0" timestamp="2023-09-08T19:43:49 IST" skipped="0">
  <testcase classname="com.qa.testcases.RegisterTest" name="verifyRegisterAnAccountWithMandatoryField" time="20.600"/>
  <testcase classname="com.qa.testcases.RegisterTest" name="verifyRegisterAnAccountWithAllField" time="9.288"/>
  <testcase classname="com.qa.testcases.RegisterTest" name="verifyRegisterAnAccountWithExistingEmailId" time="8.139"/>
  <testcase classname="com.qa.testcases.RegisterTest" name="verifyRegisterAnAccountWithoutGivingAnyDetails" time="11.775"/>
</testsuite> <!-- com.qa.testcases.RegisterTest -->
