<?xml version="1.0" encoding="UTF-8"?>
<!-- Generated by org.testng.reporters.JUnitReportReporter -->
<testsuite hostname="DESKTOP-R00BV66" failures="0" tests="3" name="com.qa.testcases.SearchTest" time="18.997" errors="0" timestamp="2023-09-08T19:43:49 IST" skipped="0">
  <testcase classname="com.qa.testcases.SearchTest" name="verifySearchWithValidProductName" time="6.542"/>
  <testcase classname="com.qa.testcases.SearchTest" name="verifySearchWithInvalidProductName" time="6.344"/>
  <testcase classname="com.qa.testcases.SearchTest" name="verifySearchWithoutProduct" time="6.111"/>
</testsuite> <!-- com.qa.testcases.SearchTest -->
